<?xml version="1.0" encoding="UTF-8"?>
<!-- Generated by org.testng.reporters.JUnitReportReporter -->
<testsuite skipped="0" hostname="DESKTOP-M9B6P2U" name="DriverFactory.TestScript" tests="2" failures="0" timestamp="04 Feb 2020 06:33:40 GMT" time="94.946" errors="0">
  <testcase name="empCreation" time="45.964" classname="DriverFactory.TestScript"/>
  <testcase name="usercreation" time="48.982" classname="DriverFactory.TestScript"/>
</testsuite> <!-- DriverFactory.TestScript -->
